-encoding
UTF-8
-outxml
-source
1.6
-target
1.6
-classpath
C:\Documents and Settings\fbarrera\.m2\repository\antlr\antlr\2.7.6\antlr-2.7.6.jar;C:\Documents and Settings\fbarrera\.m2\repository\aopalliance\aopalliance\1.0\aopalliance-1.0.jar;C:\Documents and Settings\fbarrera\.m2\repository\cglib\cglib-nodep\2.2.2\cglib-nodep-2.2.2.jar;C:\Documents and Settings\fbarrera\.m2\repository\com\vaadin\com.vaadin.spring.roo.annotations\1.1.1\com.vaadin.spring.roo.annotations-1.1.1.jar;C:\Documents and Settings\fbarrera\.m2\repository\com\vaadin\vaadin\6.7.6\vaadin-6.7.6.jar;C:\Documents and Settings\fbarrera\.m2\repository\com\vaadin\addon\beanvalidation-addon\1.0.0\beanvalidation-addon-1.0.0.jar;C:\Documents and Settings\fbarrera\.m2\repository\commons-codec\commons-codec\1.6\commons-codec-1.6.jar;C:\Documents and Settings\fbarrera\.m2\repository\commons-collections\commons-collections\3.1\commons-collections-3.1.jar;C:\Documents and Settings\fbarrera\.m2\repository\commons-dbcp\commons-dbcp\1.3\commons-dbcp-1.3.jar;C:\Documents and Settings\fbarrera\.m2\repository\commons-io\commons-io\2.1\commons-io-2.1.jar;C:\Documents and Settings\fbarrera\.m2\repository\commons-pool\commons-pool\1.5.6\commons-pool-1.5.6.jar;C:\Documents and Settings\fbarrera\.m2\repository\dom4j\dom4j\1.6.1\dom4j-1.6.1.jar;C:\Documents and Settings\fbarrera\.m2\repository\javassist\javassist\3.12.0.GA\javassist-3.12.0.GA.jar;C:\Documents and Settings\fbarrera\.m2\repository\javax\servlet\servlet-api\2.5\servlet-api-2.5.jar;C:\Documents and Settings\fbarrera\.m2\repository\javax\transaction\jta\1.1\jta-1.1.jar;C:\Documents and Settings\fbarrera\.m2\repository\javax\validation\validation-api\1.0.0.GA\validation-api-1.0.0.GA.jar;C:\Documents and Settings\fbarrera\.m2\repository\log4j\log4j\1.2.16\log4j-1.2.16.jar;C:\Documents and Settings\fbarrera\.m2\repository\mysql\mysql-connector-java\5.1.18\mysql-connector-java-5.1.18.jar;C:\Documents and Settings\fbarrera\.m2\repository\net\sf\flexjson\flexjson\2.1\flexjson-2.1.jar;C:\Documents and Settings\fbarrera\.m2\repository\org\apache\commons\commons-lang3\3.1\commons-lang3-3.1.jar;C:\Documents and Settings\fbarrera\.m2\repository\org\aspectj\aspectjrt\1.6.12\aspectjrt-1.6.12.jar;C:\Documents and Settings\fbarrera\.m2\repository\org\aspectj\aspectjweaver\1.6.12\aspectjweaver-1.6.12.jar;C:\Documents and Settings\fbarrera\.m2\repository\org\hibernate\hibernate-commons-annotations\3.2.0.Final\hibernate-commons-annotations-3.2.0.Final.jar;C:\Documents and Settings\fbarrera\.m2\repository\org\hibernate\hibernate-core\3.6.9.Final\hibernate-core-3.6.9.Final.jar;C:\Documents and Settings\fbarrera\.m2\repository\org\hibernate\hibernate-entitymanager\3.6.9.Final\hibernate-entitymanager-3.6.9.Final.jar;C:\Documents and Settings\fbarrera\.m2\repository\org\hibernate\hibernate-validator\4.2.0.Final\hibernate-validator-4.2.0.Final.jar;C:\Documents and Settings\fbarrera\.m2\repository\org\hibernate\javax\persistence\hibernate-jpa-2.0-api\1.0.1.Final\hibernate-jpa-2.0-api-1.0.1.Final.jar;C:\Documents and Settings\fbarrera\.m2\repository\org\slf4j\jcl-over-slf4j\1.6.4\jcl-over-slf4j-1.6.4.jar;C:\Documents and Settings\fbarrera\.m2\repository\org\slf4j\slf4j-api\1.6.4\slf4j-api-1.6.4.jar;C:\Documents and Settings\fbarrera\.m2\repository\org\slf4j\slf4j-log4j12\1.6.4\slf4j-log4j12-1.6.4.jar;C:\Documents and Settings\fbarrera\.m2\repository\org\springframework\spring-aop\3.1.0.RELEASE\spring-aop-3.1.0.RELEASE.jar;C:\Documents and Settings\fbarrera\.m2\repository\org\springframework\spring-asm\3.1.0.RELEASE\spring-asm-3.1.0.RELEASE.jar;C:\Documents and Settings\fbarrera\.m2\repository\org\springframework\spring-aspects\3.1.0.RELEASE\spring-aspects-3.1.0.RELEASE.jar;C:\Documents and Settings\fbarrera\.m2\repository\org\springframework\spring-beans\3.1.0.RELEASE\spring-beans-3.1.0.RELEASE.jar;C:\Documents and Settings\fbarrera\.m2\repository\org\springframework\spring-context\3.1.0.RELEASE\spring-context-3.1.0.RELEASE.jar;C:\Documents and Settings\fbarrera\.m2\repository\org\springframework\spring-context-support\3.1.0.RELEASE\spring-context-support-3.1.0.RELEASE.jar;C:\Documents and Settings\fbarrera\.m2\repository\org\springframework\spring-core\3.1.0.RELEASE\spring-core-3.1.0.RELEASE.jar;C:\Documents and Settings\fbarrera\.m2\repository\org\springframework\spring-expression\3.1.0.RELEASE\spring-expression-3.1.0.RELEASE.jar;C:\Documents and Settings\fbarrera\.m2\repository\org\springframework\spring-jdbc\3.1.0.RELEASE\spring-jdbc-3.1.0.RELEASE.jar;C:\Documents and Settings\fbarrera\.m2\repository\org\springframework\spring-orm\3.1.0.RELEASE\spring-orm-3.1.0.RELEASE.jar;C:\Documents and Settings\fbarrera\.m2\repository\org\springframework\spring-tx\3.1.0.RELEASE\spring-tx-3.1.0.RELEASE.jar;C:\Documents and Settings\fbarrera\.m2\repository\org\springframework\spring-web\3.1.0.RELEASE\spring-web-3.1.0.RELEASE.jar;C:\Documents and Settings\fbarrera\.m2\repository\org\springframework\roo\org.springframework.roo.annotations\1.2.1.RELEASE\org.springframework.roo.annotations-1.2.1.RELEASE.jar;C:\Documents and Settings\fbarrera\.m2\repository\org\vaadin\addons\customfield\0.9.4\customfield-0.9.4.jar;C:\Documents and Settings\fbarrera\.m2\repository\org\vaadin\addons\navigator\0.3\navigator-0.3.jar;D:\Top10-players\target\classes
-aspectpath
C:\Documents and Settings\fbarrera\.m2\repository\org\springframework\spring-aspects\3.1.0.RELEASE\spring-aspects-3.1.0.RELEASE.jar
-d
D:\Top10-players\target\classes
D:\Top10-players\src\main\java\com\meplayer\scouting\web\ui\JugadorForm_Roo_VaadinVisuallyComposableEntityForm.aj
D:\Top10-players\src\main\java\com\meplayer\scouting\Jugador_Roo_JavaBean.aj
D:\Top10-players\src\main\java\com\meplayer\scouting\web\AbstractEntityView_Roo_AbstractEntityView.aj
D:\Top10-players\src\main\java\com\meplayer\scouting\Agente_Roo_Jpa_Entity.aj
D:\Top10-players\src\main\java\com\meplayer\scouting\Partido_Roo_Jpa_Entity.aj
D:\Top10-players\src\main\java\com\meplayer\scouting\web\ui\PartidoView_Roo_VaadinEntityView.aj
D:\Top10-players\src\main\java\com\meplayer\scouting\Partido_Roo_ToString.aj
D:\Top10-players\src\main\java\com\meplayer\scouting\Partido_Roo_JavaBean.aj
D:\Top10-players\src\main\java\com\meplayer\scouting\Jugador.java
D:\Top10-players\src\main\java\com\meplayer\scouting\web\ui\JugadorForm.java
D:\Top10-players\src\main\java\com\meplayer\scouting\web\ui\AgenteForm_Roo_VaadinVisuallyComposableEntityForm.aj
D:\Top10-players\src\main\java\com\meplayer\scouting\Agente_Roo_JavaBean.aj
D:\Top10-players\src\main\java\com\meplayer\scouting\Jugador_Roo_Jpa_Entity.aj
D:\Top10-players\src\main\java\com\meplayer\scouting\web\ui\PartidoView.java
D:\Top10-players\src\main\java\com\meplayer\scouting\Agente_Roo_Jpa_ActiveRecord.aj
D:\Top10-players\src\main\java\com\meplayer\scouting\web\AutomaticEntityForm.java
D:\Top10-players\src\main\java\com\meplayer\scouting\web\EntityEditor.java
D:\Top10-players\src\main\java\com\meplayer\scouting\web\ScoutFindEntityManagerView.java
D:\Top10-players\src\main\java\com\meplayer\scouting\web\ui\JugadorView_Roo_VaadinEntityView.aj
D:\Top10-players\src\main\java\com\meplayer\scouting\Jugador_Roo_Jpa_ActiveRecord.aj
D:\Top10-players\src\main\java\com\meplayer\scouting\Jugador_Roo_ToString.aj
D:\Top10-players\src\main\java\com\meplayer\scouting\web\ui\AgenteView_Roo_VaadinEntityView.aj
D:\Top10-players\src\main\java\com\meplayer\scouting\Agente_Roo_Configurable.aj
D:\Top10-players\src\main\java\com\meplayer\scouting\web\EntityTableColumnGenerator.java
D:\Top10-players\src\main\java\com\meplayer\scouting\web\ui\PartidoForm.java
D:\Top10-players\src\main\java\com\meplayer\scouting\Agente_Roo_ToString.aj
D:\Top10-players\src\main\java\com\meplayer\scouting\Partido_Roo_Configurable.aj
D:\Top10-players\src\main\java\com\meplayer\scouting\Agente.java
D:\Top10-players\src\main\java\com\meplayer\scouting\Jugador_Roo_Configurable.aj
D:\Top10-players\src\main\java\com\meplayer\scouting\web\ui\JugadorView.java
D:\Top10-players\src\main\java\com\meplayer\scouting\web\ScoutFindWindow.java
D:\Top10-players\src\main\java\com\meplayer\scouting\web\ScoutFindApplication.java
D:\Top10-players\src\main\java\com\meplayer\scouting\web\ui\PartidoForm_Roo_VaadinVisuallyComposableEntityForm.aj
D:\Top10-players\src\main\java\com\meplayer\scouting\web\ui\AgenteView.java
D:\Top10-players\src\main\java\com\meplayer\scouting\Partido_Roo_Jpa_ActiveRecord.aj
D:\Top10-players\src\main\java\com\meplayer\scouting\web\ui\AgenteForm.java
D:\Top10-players\src\main\java\com\meplayer\scouting\web\AbstractEntityView.java
D:\Top10-players\src\main\java\com\meplayer\scouting\Partido.java
D:\Top10-players\src\main\java\com\meplayer\scouting\web\ScoutFindEntityManagerView_Roo_VaadinEntityManagerView.aj
